<?xml version="1.0" encoding="UTF-8"?>
<!-- Generated by org.testng.reporters.JUnitReportReporter -->
<testsuite skipped="0" hostname="DESKTOP-SN8RE1U" name="testNGBasicAnnotations.TestNGClass2" tests="2" failures="0" timestamp="2022-01-26T19:57:29 IST" time="0.017" errors="0">
  <testcase name="test1" time="0.013" classname="testNGBasicAnnotations.TestNGClass2"/>
  <system-out/>
  <testcase name="test2" time="0.004" classname="testNGBasicAnnotations.TestNGClass2"/>
  <system-out/>
</testsuite> <!-- testNGBasicAnnotations.TestNGClass2 -->
