<?xml version="1.0" encoding="UTF-8"?>
<!-- Generated by org.testng.reporters.JUnitReportReporter -->
<testsuite skipped="0" hostname="DESKTOP-SN8RE1U" name="testNGBasicAnnotations.TestNGClass1" tests="2" failures="0" timestamp="2022-01-26T12:46:05 IST" time="0.015" errors="0">
  <testcase name="test1" time="0.012" classname="testNGBasicAnnotations.TestNGClass1"/>
  <system-out/>
  <testcase name="test2" time="0.003" classname="testNGBasicAnnotations.TestNGClass1"/>
  <system-out/>
</testsuite> <!-- testNGBasicAnnotations.TestNGClass1 -->
