<?xml version="1.0" encoding="UTF-8"?>
<!-- Generated by org.testng.reporters.JUnitReportReporter -->
<testsuite skipped="0" hostname="DESKTOP-SN8RE1U" name="testing.TestingDriverClass" tests="1" failures="0" timestamp="2022-01-21T23:56:38 IST" time="3.551" errors="0">
  <testcase name="test1" time="3.551" classname="testing.TestingDriverClass"/>
  <system-out/>
</testsuite> <!-- testing.TestingDriverClass -->
