<?xml version="1.0" encoding="UTF-8"?>
<!-- Generated by org.testng.reporters.JUnitReportReporter -->
<testsuite skipped="0" hostname="DESKTOP-SN8RE1U" name="testScripts.Home.TC_HomePage_Validation" tests="4" failures="0" timestamp="2022-01-22T12:07:48 IST" time="43.559" errors="0">
  <testcase name="testAutombileLink" time="39.876" classname="testScripts.Home.TC_HomePage_Validation"/>
  <system-out/>
  <testcase name="testTruckLink" time="1.295" classname="testScripts.Home.TC_HomePage_Validation"/>
  <system-out/>
  <testcase name="testMotorCycleLink" time="1.288" classname="testScripts.Home.TC_HomePage_Validation"/>
  <system-out/>
  <testcase name="testCamperLink" time="1.100" classname="testScripts.Home.TC_HomePage_Validation"/>
  <system-out/>
</testsuite> <!-- testScripts.Home.TC_HomePage_Validation -->
