<?xml version="1.0" encoding="UTF-8"?>
<!-- Generated by org.testng.reporters.JUnitReportReporter -->
<testsuite skipped="0" hostname="DESKTOP-SN8RE1U" name="webElements.LaunchBrowser" tests="1" failures="0" timestamp="2022-01-26T19:59:45 IST" time="39.634" errors="0">
  <testcase name="launchBrowser" time="39.634" classname="webElements.LaunchBrowser"/>
  <system-out/>
</testsuite> <!-- webElements.LaunchBrowser -->
