<?xml version="1.0" encoding="UTF-8"?>
<!-- Generated by org.testng.reporters.JUnitReportReporter -->
<testsuite skipped="0" hostname="DESKTOP-SN8RE1U" name="webElements.WebElements_iFrame" tests="1" failures="0" timestamp="2022-01-26T13:35:32 IST" time="38.902" errors="0">
  <testcase name="test1" time="38.902" classname="webElements.WebElements_iFrame"/>
  <system-out/>
</testsuite> <!-- webElements.WebElements_iFrame -->
