<?xml version="1.0" encoding="UTF-8"?>
<!-- Generated by org.testng.reporters.JUnitReportReporter -->
<testsuite skipped="0" hostname="DESKTOP-SN8RE1U" name="webElements.MouseHover" tests="1" failures="0" timestamp="2022-01-27T11:49:44 IST" time="27.836" errors="0">
  <testcase name="test1" time="27.836" classname="webElements.MouseHover"/>
  <system-out/>
</testsuite> <!-- webElements.MouseHover -->
