<?xml version="1.0" encoding="UTF-8"?>
<!-- Generated by org.testng.reporters.JUnitReportReporter -->
<testsuite skipped="0" hostname="DESKTOP-SN8RE1U" name="webElements.WebElement_RadioButton" tests="1" failures="0" timestamp="2021-12-07T16:46:34 IST" time="20.875" errors="0">
  <testcase name="test1" time="20.875" classname="webElements.WebElement_RadioButton"/>
  <system-out/>
</testsuite> <!-- webElements.WebElement_RadioButton -->
