<?xml version="1.0" encoding="UTF-8"?>
<!-- Generated by org.testng.reporters.JUnitReportReporter -->
<testsuite skipped="0" hostname="DESKTOP-SN8RE1U" name="webElements.WebElement_TextBox" tests="1" failures="0" timestamp="2022-01-19T11:41:33 IST" time="43.194" errors="0">
  <testcase name="test2" time="43.194" classname="webElements.WebElement_TextBox"/>
  <system-out/>
</testsuite> <!-- webElements.WebElement_TextBox -->
