<?xml version="1.0" encoding="UTF-8"?>
<!-- Generated by org.testng.reporters.JUnitReportReporter -->
<testsuite skipped="0" hostname="DESKTOP-SN8RE1U" name="webElements.WebElement_Calender" tests="1" failures="0" timestamp="2022-01-26T20:18:52 IST" time="90.617" errors="0">
  <testcase name="calender" time="90.617" classname="webElements.WebElement_Calender"/>
  <system-out/>
</testsuite> <!-- webElements.WebElement_Calender -->
