<?xml version="1.0" encoding="UTF-8"?>
<!-- Generated by org.testng.reporters.JUnitReportReporter -->
<testsuite skipped="0" hostname="DESKTOP-SN8RE1U" name="webElements.WebElement_Fileupload" tests="1" failures="0" timestamp="2022-01-27T11:29:02 IST" time="162.299" errors="0">
  <testcase name="fileupload" time="162.299" classname="webElements.WebElement_Fileupload"/>
  <system-out/>
</testsuite> <!-- webElements.WebElement_Fileupload -->
