<?xml version="1.0" encoding="UTF-8"?>
<!-- Generated by org.testng.reporters.JUnitReportReporter -->
<testsuite skipped="0" hostname="DESKTOP-SN8RE1U" name="basics.Demo" tests="1" failures="0" timestamp="2021-06-16T10:06:06 IST" time="0.010" errors="0">
  <testcase name="methodOne" time="0.010" classname="basics.Demo"/>
  <system-out/>
</testsuite> <!-- basics.Demo -->
