<?xml version="1.0" encoding="UTF-8"?>
<!-- Generated by org.testng.reporters.JUnitReportReporter -->
<testsuite skipped="0" hostname="DESKTOP-SN8RE1U" name="Basics.Launchbrowser" tests="1" failures="0" timestamp="2021-06-26T16:20:59 IST" time="0.011" errors="0">
  <testcase name="method" time="0.011" classname="Basics.Launchbrowser"/>
  <system-out/>
</testsuite> <!-- Basics.Launchbrowser -->
