<?xml version="1.0" encoding="UTF-8"?>
<!-- Generated by org.testng.reporters.JUnitReportReporter -->
<testsuite skipped="0" hostname="DESKTOP-SN8RE1U" name="DataProvider.DataProviderConcept" tests="5" failures="0" timestamp="2021-12-06T17:01:00 IST" time="0.018" errors="0">
  <testcase name="login" time="0.003" classname="DataProvider.DataProviderConcept"/>
  <system-out/>
  <testcase name="login" time="0.003" classname="DataProvider.DataProviderConcept"/>
  <system-out/>
  <testcase name="login" time="0.007" classname="DataProvider.DataProviderConcept"/>
  <system-out/>
  <testcase name="login" time="0.003" classname="DataProvider.DataProviderConcept"/>
  <system-out/>
  <testcase name="login" time="0.002" classname="DataProvider.DataProviderConcept"/>
  <system-out/>
</testsuite> <!-- DataProvider.DataProviderConcept -->
